Could not read previous export (for caching), doing full export.
bookinfo_bg: Exporting image
walflower: Exporting image
bg: Exporting image
bookImage: Exporting image
bar: Exporting image
backtoMenu: Exporting image
bookTitle: Exporting image
bookBg: Exporting image
shade: Exporting image
arrowLeft: Exporting image
red1: Exporting image
red2: Exporting image
red3: Exporting image
red4: Exporting image
addtoInbox: Exporting image
rating: Exporting image
wishlist: Exporting image
bookInfo: Exporting image
clock: Exporting image
arrowRight: Exporting image
bookinfo_map: Exporting image
mapSpots: Exporting image
hunt: Exporting image
huntSpot: Exporting image
sorrellsSpot: Exporting image
mellonSpot: Exporting image
sorrells: Exporting image
mellon: Exporting image
ebook: Exporting image
32 views changed
Success: /Users/minjonglee/Downloads/bookclip_New.framer/imported/import2
